Arguments: 
  /usr/local/bin/node /usr/local/bin/yarn publish

PATH: 
  /Users/muthu/softwares/google-cloud-sdk/bin:/Applications/HPE_Security/Fortify_SCA_and_Apps_17.20/bin:/usr/local/bin:/bin:/Users/muthu/softwares/jruby-9.0.1.0/bin:/Users/muthu/softwares/apache-ant-1.9.6/bin:/usr/local/git/bin:/usr/bin:/usr/local/sbin:~/.npm:/usr/local/mysql/bin:/Users/muthu/softwares/apache-maven-3.5.3/bin:/Library/Frameworks/Python.framework/Versions/3.7/bin:/usr/sbin:/sbin:/Applications/VMware Fusion.app/Contents/Public:/opt/X11/bin:/Library/Frameworks/Mono.framework/Versions/Current/Commands:/Users/muthu/softwares/flutter/bin:/Users/muthu/softwares/terraform:/Users/muthu/.antigen/bundles/robbyrussell/oh-my-zsh/lib:/Users/muthu/.antigen/bundles/robbyrussell/oh-my-zsh/plugins/git:/Users/muthu/.antigen/bundles/robbyrussell/oh-my-zsh/plugins/command-not-found:/Users/muthu/.antigen/bundles/zsh-users/zsh-syntax-highlighting

Yarn version: 
  1.13.0

Node version: 
  11.2.0

Platform: 
  darwin x64

Trace: 
  Error: canceled
      at Interface.<anonymous> (/usr/local/lib/node_modules/yarn/lib/cli.js:125657:13)
      at Interface.emit (events.js:182:13)
      at Interface._ttyWrite (readline.js:818:16)
      at ReadStream.onkeypress (readline.js:178:10)
      at ReadStream.emit (events.js:182:13)
      at emitKeys (internal/readline.js:424:14)
      at emitKeys.next (<anonymous>)
      at ReadStream.onData (readline.js:1055:36)
      at ReadStream.emit (events.js:182:13)
      at addChunk (_stream_readable.js:287:12)

npm manifest: 
  {
    "name": "puppeteer-firefox-dl",
    "version": "0.5.1",
    "description": "Puppeteer API for Firefox",
    "main": "index.js",
    "repository": "github:GoogleChrome/puppeteer",
    "homepage": "https://github.com/muthukumarse/puppeteer-firefox-dl.git",
    "engines": {
      "node": ">=8.9.4"
    },
    "puppeteer": {
      "firefox_revision": "2f959d575a3d61f5dda12e4e2dca1f46a92ab569"
    },
    "scripts": {
      "install": "node install.js",
      "tsc": "tsc -p ."
    },
    "author": "The Chromium Authors",
    "license": "Apache-2.0",
    "dependencies": {
      "debug": "^4.1.0",
      "extract-zip": "^1.6.6",
      "https-proxy-agent": "^2.2.1",
      "mime": "^2.0.3",
      "progress": "^2.0.1",
      "proxy-from-env": "^1.0.0",
      "rimraf": "^2.6.1",
      "ws": "^6.1.0"
    }
  }

yarn manifest: 
  No manifest

Lockfile: 
  No lockfile
